<?xml version="1.0" encoding="UTF-8"?>
<Site BuildName="(empty)"
	BuildStamp="20250523-0519-Experimental"
	Name="(empty)"
	Generator="ctest-3.22.1"
	CompilerName=""
	CompilerVersion=""
	OSName="Linux"
	Hostname="DESKTOP-L5GOR5O"
	OSRelease="5.15.167.4-microsoft-standard-WSL2"
	OSVersion="#1 SMP Tue Nov 5 00:21:55 UTC 2024"
	OSPlatform="x86_64"
	Is64Bits="1"
	VendorString="AuthenticAMD"
	VendorID="Advanced Micro Devices"
	FamilyID="26"
	ModelID="68"
	ProcessorCacheSize="1024"
	NumberOfLogicalCPU="16"
	NumberOfPhysicalCPU="8"
	TotalVirtualMemory="6144"
	TotalPhysicalMemory="23588"
	LogicalProcessorsPerPhysical="2"
	ProcessorClockFrequency="3792.86"
	>
	<Testing>
		<StartDateTime>May 23 13:24 CST</StartDateTime>
		<StartTestTime>1747977893</StartTestTime>
		<TestList/>
		<EndDateTime>May 23 13:24 CST</EndDateTime>
		<EndTestTime>1747977893</EndTestTime>
		<ElapsedMinutes>0</ElapsedMinutes>
	</Testing>
</Site>
